<?xml version="1.0" encoding="UTF-8"?>
<!-- Generated by org.testng.reporters.JUnitXMLReporter -->
<testsuite ignored="0" hostname="ThivakarDeivendran" failures="0" tests="5" name="Default test" time="66.474" errors="0" timestamp="2024-06-16T11:53:52 IST">
  <testcase classname="testScriptPackage.TicketNewTestClass" name="titleMethod" time="19.823"/>
  <testcase classname="testScriptPackage.TicketNewTestClass" name="chooseMovieMethod" time="18.747"/>
  <testcase classname="testScriptPackage.TicketNewTestClass" name="MovieTheatreAndTimeMethod" time="8.672"/>
  <testcase classname="testScriptPackage.TicketNewTestClass" name="SelectSeatMethod" time="6.292"/>
  <testcase classname="testScriptPackage.TicketNewTestClass" name="bookTicketConfirmMethod" time="12.623"/>
</testsuite> <!-- Default test -->
