<?xml version="1.0" encoding="UTF-8"?>
<!-- Generated by org.testng.reporters.JUnitXMLReporter -->
<testsuite ignored="0" hostname="ThivakarDeivendran" failures="0" tests="5" name="Default test" time="64.028" errors="0" timestamp="2024-06-03T20:30:43 IST">
  <testcase classname="testScriptPackage.TicketNewTestClass" name="titleMethod" time="16.595"/>
  <testcase classname="testScriptPackage.TicketNewTestClass" name="chooseMovieMethod" time="19.006"/>
  <testcase classname="testScriptPackage.TicketNewTestClass" name="MovieTheatreAndTimeMethod" time="8.822"/>
  <testcase classname="testScriptPackage.TicketNewTestClass" name="SelectSeatMethod" time="6.443"/>
  <testcase classname="testScriptPackage.TicketNewTestClass" name="bookTicketConfirmMethod" time="12.844"/>
</testsuite> <!-- Default test -->
