<?xml version="1.0" encoding="UTF-8"?>
<!-- Generated by org.testng.reporters.JUnitXMLReporter -->
<testsuite ignored="0" hostname="ThivakarDeivendran" failures="0" tests="5" name="Test" time="62.819" errors="0" timestamp="2024-06-03T10:38:09 IST">
  <testcase classname="testScriptPackage.TicketNewTestClass" name="titleMethod" time="21.908"/>
  <testcase classname="testScriptPackage.TicketNewTestClass" name="chooseMovieMethod" time="11.351"/>
  <testcase classname="testScriptPackage.TicketNewTestClass" name="MovieTheatreAndTimeMethod" time="9.042"/>
  <testcase classname="testScriptPackage.TicketNewTestClass" name="SelectSeatMethod" time="6.684"/>
  <testcase classname="testScriptPackage.TicketNewTestClass" name="bookTicketConfirmMethod" time="13.156"/>
</testsuite> <!-- Test -->
