<?xml version="1.0" encoding="UTF-8"?>
<!-- Generated by org.testng.reporters.JUnitXMLReporter -->
<testsuite ignored="0" hostname="ThivakarDeivendran" failures="0" tests="5" name="Test" time="58.0" errors="0" timestamp="2024-06-02T15:44:37 IST">
  <testcase classname="testScriptPackage.TicketNewTestClass" name="titleMethod" time="19.0"/>
  <testcase classname="testScriptPackage.TicketNewTestClass" name="chooseMovieMethod" time="11.042"/>
  <testcase classname="testScriptPackage.TicketNewTestClass" name="MovieTheatreAndTimeMethod" time="8.714"/>
  <testcase classname="testScriptPackage.TicketNewTestClass" name="SelectSeatMethod" time="6.292"/>
  <testcase classname="testScriptPackage.TicketNewTestClass" name="bookTicketConfirmMethod" time="12.626"/>
</testsuite> <!-- Test -->
