<?xml version="1.0" encoding="UTF-8"?>
<testng-results ignored="0" total="5" passed="5" failed="0" skipped="0">
  <reporter-output>
  </reporter-output>
  <suite started-at="2024-06-02T13:42:02 IST" name="Default suite" finished-at="2024-06-02T13:42:54 IST" duration-ms="51714">
    <groups>
    </groups>
    <test started-at="2024-06-02T13:42:02 IST" name="Default test" finished-at="2024-06-02T13:42:54 IST" duration-ms="51714">
      <class name="testScriptPackage.TicketNewTestClass">
        <test-method is-config="true" signature="logger()[pri:0, instance:testScriptPackage.TicketNewTestClass@21282ed8]" started-at="2024-06-02T13:42:02 IST" name="logger" finished-at="2024-06-02T13:42:02 IST" duration-ms="148" status="PASS">
          <reporter-output>
          </reporter-output>
        </test-method> <!-- logger -->
        <test-method signature="titleMethod()[pri:1, instance:testScriptPackage.TicketNewTestClass@21282ed8]" started-at="2024-06-02T13:42:02 IST" name="titleMethod" finished-at="2024-06-02T13:42:22 IST" duration-ms="19106" status="PASS">
          <reporter-output>
          </reporter-output>
        </test-method> <!-- titleMethod -->
        <test-method signature="chooseMovieMethod()[pri:2, instance:testScriptPackage.TicketNewTestClass@21282ed8]" started-at="2024-06-02T13:42:22 IST" name="chooseMovieMethod" finished-at="2024-06-02T13:42:32 IST" duration-ms="10405" status="PASS">
          <reporter-output>
          </reporter-output>
        </test-method> <!-- chooseMovieMethod -->
        <test-method signature="MovieTheatreAndTimeMethod()[pri:3, instance:testScriptPackage.TicketNewTestClass@21282ed8]" started-at="2024-06-02T13:42:32 IST" name="MovieTheatreAndTimeMethod" finished-at="2024-06-02T13:42:40 IST" duration-ms="8326" status="PASS">
          <reporter-output>
          </reporter-output>
        </test-method> <!-- MovieTheatreAndTimeMethod -->
        <test-method signature="SelectSeatMethod()[pri:4, instance:testScriptPackage.TicketNewTestClass@21282ed8]" started-at="2024-06-02T13:42:40 IST" name="SelectSeatMethod" finished-at="2024-06-02T13:42:47 IST" duration-ms="6189" status="PASS">
          <reporter-output>
          </reporter-output>
        </test-method> <!-- SelectSeatMethod -->
        <test-method signature="bookTicketConfirmMethod()[pri:5, instance:testScriptPackage.TicketNewTestClass@21282ed8]" started-at="2024-06-02T13:42:47 IST" name="bookTicketConfirmMethod" finished-at="2024-06-02T13:42:54 IST" duration-ms="7406" status="PASS">
          <reporter-output>
          </reporter-output>
        </test-method> <!-- bookTicketConfirmMethod -->
      </class> <!-- testScriptPackage.TicketNewTestClass -->
    </test> <!-- Default test -->
  </suite> <!-- Default suite -->
</testng-results>
