<?xml version="1.0" encoding="UTF-8"?>
<testng-results ignored="0" total="5" passed="5" failed="0" skipped="0">
  <reporter-output>
  </reporter-output>
  <suite started-at="2024-06-03T10:37:05 IST" name="Suite" finished-at="2024-06-03T10:38:08 IST" duration-ms="62819">
    <groups>
    </groups>
    <test started-at="2024-06-03T10:37:05 IST" name="Test" finished-at="2024-06-03T10:38:08 IST" duration-ms="62819">
      <class name="testScriptPackage.TicketNewTestClass">
        <test-method is-config="true" signature="logger()[pri:0, instance:testScriptPackage.TicketNewTestClass@36916eb0]" started-at="2024-06-03T10:37:05 IST" name="logger" finished-at="2024-06-03T10:37:05 IST" duration-ms="232" status="PASS">
          <reporter-output>
          </reporter-output>
        </test-method> <!-- logger -->
        <test-method signature="titleMethod()[pri:1, instance:testScriptPackage.TicketNewTestClass@36916eb0]" started-at="2024-06-03T10:37:06 IST" name="titleMethod" finished-at="2024-06-03T10:37:28 IST" duration-ms="21908" status="PASS">
          <reporter-output>
          </reporter-output>
        </test-method> <!-- titleMethod -->
        <test-method signature="chooseMovieMethod()[pri:2, instance:testScriptPackage.TicketNewTestClass@36916eb0]" started-at="2024-06-03T10:37:28 IST" name="chooseMovieMethod" finished-at="2024-06-03T10:37:39 IST" duration-ms="11351" status="PASS">
          <reporter-output>
          </reporter-output>
        </test-method> <!-- chooseMovieMethod -->
        <test-method signature="MovieTheatreAndTimeMethod()[pri:3, instance:testScriptPackage.TicketNewTestClass@36916eb0]" started-at="2024-06-03T10:37:39 IST" name="MovieTheatreAndTimeMethod" finished-at="2024-06-03T10:37:48 IST" duration-ms="9042" status="PASS">
          <reporter-output>
          </reporter-output>
        </test-method> <!-- MovieTheatreAndTimeMethod -->
        <test-method signature="SelectSeatMethod()[pri:4, instance:testScriptPackage.TicketNewTestClass@36916eb0]" started-at="2024-06-03T10:37:48 IST" name="SelectSeatMethod" finished-at="2024-06-03T10:37:55 IST" duration-ms="6684" status="PASS">
          <reporter-output>
          </reporter-output>
        </test-method> <!-- SelectSeatMethod -->
        <test-method signature="bookTicketConfirmMethod()[pri:5, instance:testScriptPackage.TicketNewTestClass@36916eb0]" started-at="2024-06-03T10:37:55 IST" name="bookTicketConfirmMethod" finished-at="2024-06-03T10:38:08 IST" duration-ms="13156" status="PASS">
          <reporter-output>
          </reporter-output>
        </test-method> <!-- bookTicketConfirmMethod -->
        <test-method is-config="true" signature="teardownMethod()[pri:0, instance:testScriptPackage.TicketNewTestClass@36916eb0]" started-at="2024-06-03T10:38:09 IST" name="teardownMethod" finished-at="2024-06-03T10:38:12 IST" duration-ms="2082" status="PASS">
          <reporter-output>
          </reporter-output>
        </test-method> <!-- teardownMethod -->
      </class> <!-- testScriptPackage.TicketNewTestClass -->
    </test> <!-- Test -->
  </suite> <!-- Suite -->
</testng-results>
